c:\users\hotline\documents\git\zelda\zelda\x64\debug\vc143.pdb
c:\users\hotline\documents\git\zelda\zelda\x64\debug\vc143.idb
c:\users\hotline\documents\git\zelda\zelda\x64\debug\vector2.obj
c:\users\hotline\documents\git\zelda\zelda\x64\debug\maploader.obj
c:\users\hotline\documents\git\zelda\zelda\x64\debug\map.obj
c:\users\hotline\documents\git\zelda\zelda\x64\debug\main.obj
c:\users\hotline\documents\git\zelda\zelda\x64\debug\player.obj
c:\users\hotline\documents\git\zelda\zelda\x64\debug\game.obj
c:\users\hotline\documents\git\zelda\zelda\x64\debug\pots.obj
c:\users\hotline\documents\git\zelda\zelda\x64\debug\enemy.obj
c:\users\hotline\documents\git\zelda\zelda\x64\debug\ganon.obj
c:\users\hotline\documents\git\zelda\x64\debug\zelda.exe
c:\users\hotline\documents\git\zelda\zelda\x64\debug\zelda.ilk
c:\users\hotline\documents\git\zelda\x64\debug\zelda.pdb
c:\users\hotline\documents\git\zelda\zelda\x64\debug\map.obj.enc
c:\users\hotline\documents\git\zelda\zelda\x64\debug\zelda.tlog\cl.command.1.tlog
c:\users\hotline\documents\git\zelda\zelda\x64\debug\zelda.tlog\cl.read.1.tlog
c:\users\hotline\documents\git\zelda\zelda\x64\debug\zelda.tlog\cl.write.1.tlog
c:\users\hotline\documents\git\zelda\zelda\x64\debug\zelda.tlog\link.command.1.tlog
c:\users\hotline\documents\git\zelda\zelda\x64\debug\zelda.tlog\link.read.1.tlog
c:\users\hotline\documents\git\zelda\zelda\x64\debug\zelda.tlog\link.write.1.tlog
c:\users\hotline\documents\git\zelda\zelda\x64\debug\zelda.tlog\rc.command.1.tlog
c:\users\hotline\documents\git\zelda\zelda\x64\debug\zelda.tlog\rc.read.1.tlog
c:\users\hotline\documents\git\zelda\zelda\x64\debug\zelda.tlog\rc.write.1.tlog
